<?xml version="1.0" encoding="UTF-8"?>
<!-- Generated by org.testng.reporters.JUnitReportReporter -->
<testsuite hostname="LAPTOP-0J1HRNM3" failures="0" tests="2" name="TestPK.AppTest" time="0.023" errors="0" timestamp="2023-07-25T16:35:49 CDT" skipped="0">
  <testcase classname="TestPK.AppTest" name="testlogin1" time="0.021"/>
  <testcase classname="TestPK.AppTest" name="testlogin2" time="0.002"/>
</testsuite> <!-- TestPK.AppTest -->
