<?xml version="1.0" encoding="UTF-8"?>
<!-- Generated by org.testng.reporters.JUnitReportReporter -->
<testsuite hostname="LAPTOP-0J1HRNM3" failures="0" tests="1" name="TestPK.TCLogin" time="17.542" errors="0" timestamp="2023-09-01T13:27:15 CDT" skipped="0">
  <testcase classname="TestPK.TCLogin" name="login_Test" time="17.542"/>
</testsuite> <!-- TestPK.TCLogin -->
